<?xml version="1.0" encoding="UTF-8"?>
<testsuite xmlns:xsi="http://www.w3.org/2001/XMLSchema-instance" xsi:noNamespaceSchemaLocation="https://maven.apache.org/surefire/maven-surefire-plugin/xsd/surefire-test-report-3.0.xsd" version="3.0" name="com.nivieus.test_apis.TestApisApplicationTests" time="4.105" tests="1" errors="0" skipped="0" failures="0">
  <properties>
[...]
</properties>
  <testcase name="contextLoads" classname="com.nivieus.test_apis.TestApisApplicationTests" time="0.623">
    <system-out><![CDATA[10:27:14.139 [main] INFO org.springframework.test.context.support.AnnotationConfigContextLoaderUtils -- Could not detect default configuration classes for test class [com.nivieus.test_apis.TestApisApplicationTests]: TestApisApplicationTests does not declare any static, non-private, non-final, nested classes annotated with @Configuration.
10:27:14.224 [main] INFO org.springframework.boot.test.context.SpringBootTestContextBootstrapper -- Found @SpringBootConfiguration com.nivieus.test_apis.TestApisApplication for test class com.nivieus.test_apis.TestApisApplicationTests

  .   ____          _            __ _ _
 /\\ / ___'_ __ _ _(_)_ __  __ _ \ \ \ \
( ( )\___ | '_ | '_| | '_ \/ _` | \ \ \ \
 \\/  ___)| |_)| | | | | || (_| |  ) ) ) )
  '  |____| .__|_| |_|_| |_\__, | / / / /
 =========|_|==============|___/=/_/_/_/

 :: Spring Boot ::                (v3.3.5)

2024-10-30T10:27:14.513+05:30  INFO 534064 --- [test-apis] [           main] c.n.test_apis.TestApisApplicationTests   : Starting TestApisApplicationTests using Java 23.0.1 with PID 534064 (started by niveus in /home/niveus/workspace/test-apis)
2024-10-30T10:27:14.515+05:30  INFO 534064 --- [test-apis] [           main] c.n.test_apis.TestApisApplicationTests   : No active profile set, falling back to 1 default profile: "default"
2024-10-30T10:27:15.146+05:30  INFO 534064 --- [test-apis] [           main] .s.d.r.c.RepositoryConfigurationDelegate : Bootstrapping Spring Data JPA repositories in DEFAULT mode.
2024-10-30T10:27:15.161+05:30  INFO 534064 --- [test-apis] [           main] .s.d.r.c.RepositoryConfigurationDelegate : Finished Spring Data repository scanning in 9 ms. Found 0 JPA repository interfaces.
2024-10-30T10:27:15.608+05:30  INFO 534064 --- [test-apis] [           main] com.zaxxer.hikari.HikariDataSource       : HikariPool-1 - Starting...
2024-10-30T10:27:15.738+05:30  INFO 534064 --- [test-apis] [           main] com.zaxxer.hikari.pool.HikariPool        : HikariPool-1 - Added connection conn0: url=jdbc:h2:mem:0dd8dab6-a766-44cb-a618-5f3a0c408fc7 user=SA
2024-10-30T10:27:15.739+05:30  INFO 534064 --- [test-apis] [           main] com.zaxxer.hikari.HikariDataSource       : HikariPool-1 - Start completed.
2024-10-30T10:27:15.777+05:30  INFO 534064 --- [test-apis] [           main] o.hibernate.jpa.internal.util.LogHelper  : HHH000204: Processing PersistenceUnitInfo [name: default]
2024-10-30T10:27:15.814+05:30  INFO 534064 --- [test-apis] [           main] org.hibernate.Version                    : HHH000412: Hibernate ORM core version 6.5.3.Final
2024-10-30T10:27:15.834+05:30  INFO 534064 --- [test-apis] [           main] o.h.c.internal.RegionFactoryInitiator    : HHH000026: Second-level cache disabled
2024-10-30T10:27:16.040+05:30  INFO 534064 --- [test-apis] [           main] o.s.o.j.p.SpringPersistenceUnitInfo      : No LoadTimeWeaver setup: ignoring JPA class transformer
2024-10-30T10:27:16.277+05:30  INFO 534064 --- [test-apis] [           main] o.h.e.t.j.p.i.JtaPlatformInitiator       : HHH000489: No JTA platform available (set 'hibernate.transaction.jta.platform' to enable JTA platform integration)
2024-10-30T10:27:16.280+05:30  INFO 534064 --- [test-apis] [           main] j.LocalContainerEntityManagerFactoryBean : Initialized JPA EntityManagerFactory for persistence unit 'default'
2024-10-30T10:27:16.517+05:30  WARN 534064 --- [test-apis] [           main] JpaBaseConfiguration$JpaWebConfiguration : spring.jpa.open-in-view is enabled by default. Therefore, database queries may be performed during view rendering. Explicitly configure spring.jpa.open-in-view to disable this warning
2024-10-30T10:27:17.285+05:30  INFO 534064 --- [test-apis] [           main] o.s.b.a.e.web.EndpointLinksResolver      : Exposing 1 endpoint beneath base path '/actuator'
2024-10-30T10:27:17.376+05:30  INFO 534064 --- [test-apis] [           main] c.n.test_apis.TestApisApplicationTests   : Started TestApisApplicationTests in 3.064 seconds (process running for 3.764)
]]></system-out>
    <system-err><![CDATA[WARNING: A Java agent has been loaded dynamically (/home/niveus/.m2/repository/net/bytebuddy/byte-buddy-agent/1.14.19/byte-buddy-agent-1.14.19.jar)
WARNING: If a serviceability tool is in use, please run with -XX:+EnableDynamicAgentLoading to hide this warning
WARNING: If a serviceability tool is not in use, please run with -Djdk.instrument.traceUsage for more information
WARNING: Dynamic loading of agents will be disallowed by default in a future release
]]></system-err>
  </testcase>
</testsuite>