<?xml version="1.0" encoding="UTF-8"?>
<testsuite xmlns:xsi="http://www.w3.org/2001/XMLSchema-instance" xsi:noNamespaceSchemaLocation="https://maven.apache.org/surefire/maven-surefire-plugin/xsd/surefire-test-report-3.0.xsd" version="3.0" name="com.nivieus.test_apis.TestApisApplicationTests" time="5.782" tests="1" errors="0" skipped="0" failures="0">
  <properties>
[...]
</properties>
  <testcase name="contextLoads" classname="com.nivieus.test_apis.TestApisApplicationTests" time="0.458">
    <system-out><![CDATA[13:34:02.491 [main] INFO org.springframework.test.context.support.AnnotationConfigContextLoaderUtils -- Could not detect default configuration classes for test class [com.nivieus.test_apis.TestApisApplicationTests]: TestApisApplicationTests does not declare any static, non-private, non-final, nested classes annotated with @Configuration.
13:34:02.627 [main] INFO org.springframework.boot.test.context.SpringBootTestContextBootstrapper -- Found @SpringBootConfiguration com.nivieus.test_apis.TestApisApplication for test class com.nivieus.test_apis.TestApisApplicationTests

  .   ____          _            __ _ _
 /\\ / ___'_ __ _ _(_)_ __  __ _ \ \ \ \
( ( )\___ | '_ | '_| | '_ \/ _` | \ \ \ \
 \\/  ___)| |_)| | | | | || (_| |  ) ) ) )
  '  |____| .__|_| |_|_| |_\__, | / / / /
 =========|_|==============|___/=/_/_/_/

 :: Spring Boot ::                (v3.3.5)

2024-11-02T13:34:03.040+05:30  INFO 22804 --- [test-apis] [           main] c.n.test_apis.TestApisApplicationTests   : Starting TestApisApplicationTests using Java 17.0.12 with PID 22804 (started by varun in /home/varun/workspace/test-apis)
2024-11-02T13:34:03.042+05:30  INFO 22804 --- [test-apis] [           main] c.n.test_apis.TestApisApplicationTests   : No active profile set, falling back to 1 default profile: "default"
2024-11-02T13:34:04.162+05:30  INFO 22804 --- [test-apis] [           main] .s.d.r.c.RepositoryConfigurationDelegate : Bootstrapping Spring Data JPA repositories in DEFAULT mode.
2024-11-02T13:34:04.225+05:30  INFO 22804 --- [test-apis] [           main] .s.d.r.c.RepositoryConfigurationDelegate : Finished Spring Data repository scanning in 52 ms. Found 1 JPA repository interface.
2024-11-02T13:34:04.765+05:30  INFO 22804 --- [test-apis] [           main] com.zaxxer.hikari.HikariDataSource       : HikariPool-1 - Starting...
2024-11-02T13:34:04.943+05:30  INFO 22804 --- [test-apis] [           main] com.zaxxer.hikari.pool.HikariPool        : HikariPool-1 - Added connection conn0: url=jdbc:h2:mem:testdb user=SA
2024-11-02T13:34:04.945+05:30  INFO 22804 --- [test-apis] [           main] com.zaxxer.hikari.HikariDataSource       : HikariPool-1 - Start completed.
2024-11-02T13:34:04.988+05:30  INFO 22804 --- [test-apis] [           main] o.hibernate.jpa.internal.util.LogHelper  : HHH000204: Processing PersistenceUnitInfo [name: default]
2024-11-02T13:34:05.043+05:30  INFO 22804 --- [test-apis] [           main] org.hibernate.Version                    : HHH000412: Hibernate ORM core version 6.5.3.Final
2024-11-02T13:34:05.078+05:30  INFO 22804 --- [test-apis] [           main] o.h.c.internal.RegionFactoryInitiator    : HHH000026: Second-level cache disabled
2024-11-02T13:34:05.377+05:30  INFO 22804 --- [test-apis] [           main] o.s.o.j.p.SpringPersistenceUnitInfo      : No LoadTimeWeaver setup: ignoring JPA class transformer
2024-11-02T13:34:05.447+05:30  WARN 22804 --- [test-apis] [           main] org.hibernate.orm.deprecation            : HHH90000025: H2Dialect does not need to be specified explicitly using 'hibernate.dialect' (remove the property setting and it will be selected by default)
2024-11-02T13:34:06.106+05:30  INFO 22804 --- [test-apis] [           main] o.h.e.t.j.p.i.JtaPlatformInitiator       : HHH000489: No JTA platform available (set 'hibernate.transaction.jta.platform' to enable JTA platform integration)
2024-11-02T13:34:06.150+05:30  INFO 22804 --- [test-apis] [           main] j.LocalContainerEntityManagerFactoryBean : Initialized JPA EntityManagerFactory for persistence unit 'default'
2024-11-02T13:34:06.668+05:30  WARN 22804 --- [test-apis] [           main] JpaBaseConfiguration$JpaWebConfiguration : spring.jpa.open-in-view is enabled by default. Therefore, database queries may be performed during view rendering. Explicitly configure spring.jpa.open-in-view to disable this warning
2024-11-02T13:34:07.432+05:30  INFO 22804 --- [test-apis] [           main] o.s.b.a.h2.H2ConsoleAutoConfiguration    : H2 console available at '/h2-console'. Database available at 'jdbc:h2:mem:testdb'
2024-11-02T13:34:07.491+05:30  INFO 22804 --- [test-apis] [           main] o.s.b.a.e.web.EndpointLinksResolver      : Exposing 1 endpoint beneath base path '/actuator'
2024-11-02T13:34:07.559+05:30  INFO 22804 --- [test-apis] [           main] c.n.test_apis.TestApisApplicationTests   : Started TestApisApplicationTests in 4.785 seconds (process running for 5.794)
]]></system-out>
  </testcase>
</testsuite>